[debug] [2026-02-03T04:12:09.343Z] ----------------------------------------------------------------------
[debug] [2026-02-03T04:12:09.345Z] Command:       C:\nvm4w\nodejs\node.exe C:\nvm4w\nodejs\node_modules\firebase-tools\lib\bin\firebase.js emulators:start --only functions
[debug] [2026-02-03T04:12:09.346Z] CLI Version:   15.4.0
[debug] [2026-02-03T04:12:09.346Z] Platform:      win32
[debug] [2026-02-03T04:12:09.346Z] Node Version:  v22.22.0
[debug] [2026-02-03T04:12:09.346Z] Time:          Tue Feb 03 2026 09:42:09 GMT+0530 (India Standard Time)
[debug] [2026-02-03T04:12:09.346Z] ----------------------------------------------------------------------
[debug] 
[debug] [2026-02-03T04:12:10.286Z] > command requires scopes: ["email","openid","https://www.googleapis.com/auth/cloudplatformprojects.readonly","https://www.googleapis.com/auth/firebase","https://www.googleapis.com/auth/cloud-platform"]
[debug] [2026-02-03T04:12:10.286Z] > authorizing via signed-in user (hemantkumarskh@gmail.com)
[info] i  emulators: Starting emulators: functions {"metadata":{"emulator":{"name":"hub"},"message":"Starting emulators: functions"}}
[debug] [2026-02-03T04:12:10.294Z] [logging] Logging Emulator only supports listening on one address (127.0.0.1). Not listening on ::1
[debug] [2026-02-03T04:12:10.294Z] assigned listening specs for emulators {"user":{"hub":[{"address":"127.0.0.1","family":"IPv4","port":4400},{"address":"::1","family":"IPv6","port":4400}],"ui":[{"address":"127.0.0.1","family":"IPv4","port":4000},{"address":"::1","family":"IPv6","port":4000}],"logging":[{"address":"127.0.0.1","family":"IPv4","port":4500}]},"metadata":{"message":"assigned listening specs for emulators"}}
[debug] [2026-02-03T04:12:10.298Z] Write emulator hub locator at C:\Users\USER\AppData\Local\Temp\hub-harvester-tracker-f6cab.json
[debug] [2026-02-03T04:12:10.309Z] [functions] Functions Emulator only supports listening on one address (127.0.0.1). Not listening on ::1
[debug] [2026-02-03T04:12:10.309Z] [eventarc] Eventarc Emulator only supports listening on one address (127.0.0.1). Not listening on ::1
[debug] [2026-02-03T04:12:10.309Z] [tasks] Cloud Tasks Emulator only supports listening on one address (127.0.0.1). Not listening on ::1
[debug] [2026-02-03T04:12:10.309Z] late-assigned ports for functions and eventarc emulators {"user":{"hub":[{"address":"127.0.0.1","family":"IPv4","port":4400},{"address":"::1","family":"IPv6","port":4400}],"ui":[{"address":"127.0.0.1","family":"IPv4","port":4000},{"address":"::1","family":"IPv6","port":4000}],"logging":[{"address":"127.0.0.1","family":"IPv4","port":4500}],"functions":[{"address":"127.0.0.1","family":"IPv4","port":5001}],"eventarc":[{"address":"127.0.0.1","family":"IPv4","port":9299}],"tasks":[{"address":"127.0.0.1","family":"IPv4","port":9499}]},"metadata":{"message":"late-assigned ports for functions and eventarc emulators"}}
[warn] !  functions: The following emulators are not running, calls to these services from the Functions emulator will affect production: apphosting, auth, firestore, database, hosting, pubsub, storage, dataconnect {"metadata":{"emulator":{"name":"functions"},"message":"The following emulators are not running, calls to these services from the Functions emulator will affect production: \u001b[1mapphosting, auth, firestore, database, hosting, pubsub, storage, dataconnect\u001b[22m"}}
[debug] [2026-02-03T04:12:10.357Z] defaultcredentials: writing to file C:\Users\USER\AppData\Roaming\firebase\hemantkumarskh_gmail_com_application_default_credentials.json
[debug] [2026-02-03T04:12:10.358Z] Setting GAC to C:\Users\USER\AppData\Roaming\firebase\hemantkumarskh_gmail_com_application_default_credentials.json {"metadata":{"emulator":{"name":"functions"},"message":"Setting GAC to C:\\Users\\USER\\AppData\\Roaming\\firebase\\hemantkumarskh_gmail_com_application_default_credentials.json"}}
[debug] [2026-02-03T04:12:10.358Z] Checked if tokens are valid: false, expires at: 1770090344423
[debug] [2026-02-03T04:12:10.359Z] Checked if tokens are valid: false, expires at: 1770090344423
[debug] [2026-02-03T04:12:10.359Z] > refreshing access token with scopes: []
[debug] [2026-02-03T04:12:10.361Z] >>> [apiv2][query] POST https://www.googleapis.com/oauth2/v3/token [none]
[debug] [2026-02-03T04:12:10.361Z] >>> [apiv2][body] POST https://www.googleapis.com/oauth2/v3/token [omitted]
[debug] [2026-02-03T04:12:10.568Z] <<< [apiv2][status] POST https://www.googleapis.com/oauth2/v3/token 200
[debug] [2026-02-03T04:12:10.568Z] <<< [apiv2][body] POST https://www.googleapis.com/oauth2/v3/token [omitted]
[debug] [2026-02-03T04:12:10.581Z] >>> [apiv2][query] GET https://firebase.googleapis.com/v1beta1/projects/harvester-tracker-f6cab/adminSdkConfig [none]
[debug] [2026-02-03T04:12:11.053Z] <<< [apiv2][status] GET https://firebase.googleapis.com/v1beta1/projects/harvester-tracker-f6cab/adminSdkConfig 200
[debug] [2026-02-03T04:12:11.053Z] <<< [apiv2][body] GET https://firebase.googleapis.com/v1beta1/projects/harvester-tracker-f6cab/adminSdkConfig {"projectId":"harvester-tracker-f6cab","databaseURL":"https://harvester-tracker-f6cab-default-rtdb.asia-southeast1.firebasedatabase.app","storageBucket":"harvester-tracker-f6cab.firebasestorage.app"}
[info] i  functions: Watching "E:\HemantProject\bolt projects\Harvester 3.0\Harvester 3.0\functions" for Cloud Functions... {"metadata":{"emulator":{"name":"functions"},"message":"Watching \"E:\\HemantProject\\bolt projects\\Harvester 3.0\\Harvester 3.0\\functions\" for Cloud Functions..."}}
[debug] [2026-02-03T04:12:11.087Z] Validating nodejs source
[warn] !  functions: package.json indicates an outdated version of firebase-functions. Please upgrade using npm install --save firebase-functions@latest in your functions directory. 
[debug] [2026-02-03T04:12:11.724Z] > [functions] package.json contents: {
  "name": "functions",
  "description": "Cloud Functions for Firebase",
  "scripts": {
    "serve": "firebase emulators:start --only functions",
    "shell": "firebase functions:shell",
    "start": "npm run shell",
    "deploy": "firebase deploy --only functions",
    "logs": "firebase functions:log"
  },
  "engines": {
    "node": "24"
  },
  "main": "index.js",
  "dependencies": {
    "axios": "^1.13.3",
    "firebase-admin": "^13.6.0",
    "firebase-functions": "^7.0.0",
    "twilio": "^5.12.0"
  },
  "devDependencies": {
    "firebase-functions-test": "^3.4.1"
  },
  "private": true
}
[debug] [2026-02-03T04:12:11.724Z] Building nodejs source
[debug] [2026-02-03T04:12:11.725Z] Failed to find version of module node: reached end of search path E:\HemantProject\bolt projects\Harvester 3.0\Harvester 3.0\functions\node_modules
[warn] !  functions: Your requested "node" version "24" doesn't match your global version "22". Using node@22 from host. 
[debug] [2026-02-03T04:12:11.729Z] Could not find functions.yaml. Must use http discovery
[debug] [2026-02-03T04:12:11.737Z] Found firebase-functions binary at 'E:\HemantProject\bolt projects\Harvester 3.0\Harvester 3.0\functions\node_modules\.bin\firebase-functions'
[info] Serving at port 8633

[debug] [2026-02-03T04:12:12.260Z] Got response from /__/functions.yaml {"endpoints":{"sendWhatsAppOTP":{"availableMemoryMb":null,"timeoutSeconds":null,"minInstances":null,"maxInstances":null,"ingressSettings":null,"concurrency":null,"serviceAccountEmail":null,"vpc":null,"platform":"gcfv2","secretEnvironmentVariables":[{"key":"TWILIO_SID"},{"key":"TWILIO_AUTH_TOKEN"}],"labels":{},"callableTrigger":{},"entryPoint":"sendWhatsAppOTP"},"verifyWhatsAppOTP":{"availableMemoryMb":null,"timeoutSeconds":null,"minInstances":null,"maxInstances":null,"ingressSettings":null,"concurrency":null,"serviceAccountEmail":null,"vpc":null,"platform":"gcfv2","labels":{},"callableTrigger":{},"entryPoint":"verifyWhatsAppOTP"}},"specVersion":"v1alpha1","requiredAPIs":[],"extensions":{},"params":[{"type":"secret","name":"TWILIO_SID"},{"type":"secret","name":"TWILIO_AUTH_TOKEN"}]}
[info] +  functions: Loaded functions definitions from source: sendWhatsAppOTP, verifyWhatsAppOTP. {"metadata":{"emulator":{"name":"functions"},"message":"Loaded functions definitions from source: sendWhatsAppOTP, verifyWhatsAppOTP."}}
[info] +  functions[us-central1-sendWhatsAppOTP]: http function initialized (http://127.0.0.1:5001/harvester-tracker-f6cab/us-central1/sendWhatsAppOTP). {"metadata":{"emulator":{"name":"functions"},"message":"\u001b[1mhttp\u001b[22m function initialized (http://127.0.0.1:5001/harvester-tracker-f6cab/us-central1/sendWhatsAppOTP)."}}
[info] +  functions[us-central1-verifyWhatsAppOTP]: http function initialized (http://127.0.0.1:5001/harvester-tracker-f6cab/us-central1/verifyWhatsAppOTP). {"metadata":{"emulator":{"name":"functions"},"message":"\u001b[1mhttp\u001b[22m function initialized (http://127.0.0.1:5001/harvester-tracker-f6cab/us-central1/verifyWhatsAppOTP)."}}
[debug] [2026-02-03T04:12:16.312Z] Could not find VSCode notification endpoint: FetchError: request to http://localhost:40001/vscode/notify failed, reason: . If you are not running the Firebase Data Connect VSCode extension, this is expected and not an issue.
[info] 
┌─────────────────────────────────────────────────────────────┐
│ ✔  All emulators ready! It is now safe to connect your app. │
│ i  View Emulator UI at http://127.0.0.1:4000/               │
└─────────────────────────────────────────────────────────────┘

┌───────────┬────────────────┬─────────────────────────────────┐
│ Emulator  │ Host:Port      │ View in Emulator UI             │
├───────────┼────────────────┼─────────────────────────────────┤
│ Functions │ 127.0.0.1:5001 │ http://127.0.0.1:4000/functions │
└───────────┴────────────────┴─────────────────────────────────┘
  Emulator Hub host: 127.0.0.1 port: 4400
  Other reserved ports: 4500

Issues? Report them at https://github.com/firebase/firebase-tools/issues and attach the *-debug.log files.
 
[debug] [2026-02-03T04:12:32.591Z] [work-queue] {"queuedWork":["/harvester-tracker-f6cab/us-central1/sendWhatsAppOTP-2026-02-03T04:12:32.591Z"],"queueLength":1,"runningWork":[],"workRunningCount":0}
[debug] [2026-02-03T04:12:32.592Z] [work-queue] {"queuedWork":[],"queueLength":0,"runningWork":["/harvester-tracker-f6cab/us-central1/sendWhatsAppOTP-2026-02-03T04:12:32.591Z"],"workRunningCount":1}
[debug] [2026-02-03T04:12:32.593Z] Accepted request OPTIONS /harvester-tracker-f6cab/us-central1/sendWhatsAppOTP --> us-central1-sendWhatsAppOTP
[debug] [2026-02-03T04:12:32.600Z] [functions] Runtime ready! Sending request! {"metadata":{"emulator":{"name":"functions"},"message":"[functions] Runtime ready! Sending request!"}}
[debug] [2026-02-03T04:12:32.601Z] [functions] Got req.url=/harvester-tracker-f6cab/us-central1/sendWhatsAppOTP, mapping to path=/ {"metadata":{"emulator":{"name":"functions"},"message":"[functions] Got req.url=/harvester-tracker-f6cab/us-central1/sendWhatsAppOTP, mapping to path=/"}}
[info] i  functions: Trying to access secret TWILIO_SID@latest {"metadata":{"emulator":{"name":"functions"},"message":"Trying to access secret TWILIO_SID@latest"}}
[debug] [2026-02-03T04:12:32.608Z] Checked if tokens are valid: true, expires at: 1770095529568
[debug] [2026-02-03T04:12:32.608Z] Checked if tokens are valid: true, expires at: 1770095529568
[info] i  functions: Trying to access secret TWILIO_AUTH_TOKEN@latest {"metadata":{"emulator":{"name":"functions"},"message":"Trying to access secret TWILIO_AUTH_TOKEN@latest"}}
[debug] [2026-02-03T04:12:32.613Z] Checked if tokens are valid: true, expires at: 1770095529568
[debug] [2026-02-03T04:12:32.613Z] Checked if tokens are valid: true, expires at: 1770095529568
[debug] [2026-02-03T04:12:32.614Z] >>> [apiv2][query] GET https://secretmanager.googleapis.com/v1/projects/harvester-tracker-f6cab/secrets/TWILIO_SID/versions/latest:access [none]
[debug] [2026-02-03T04:12:32.619Z] >>> [apiv2][query] GET https://secretmanager.googleapis.com/v1/projects/harvester-tracker-f6cab/secrets/TWILIO_AUTH_TOKEN/versions/latest:access [none]
[debug] [2026-02-03T04:12:33.168Z] <<< [apiv2][status] GET https://secretmanager.googleapis.com/v1/projects/harvester-tracker-f6cab/secrets/TWILIO_SID/versions/latest:access 200
[debug] [2026-02-03T04:12:33.169Z] <<< [apiv2][body] GET https://secretmanager.googleapis.com/v1/projects/harvester-tracker-f6cab/secrets/TWILIO_SID/versions/latest:access {"name":"projects/342892753940/secrets/TWILIO_SID/versions/1","payload":{"data":"QUMyNTA0MmI3YTZiNDgyM2QzNjRkYWM5N2U3ZDJmMjUyMEFDMjUwNDJiN2E2YjQ4MjNkMzY0ZGFjOTdlN2QyZjI1MjBBQzI1MDQyYjdhNmI0ODIzZDM2NGRhYzk3ZTdkMmYyNTIwQUMyNTA0MmI3YTZiNDgyM2QzNjRkYWM5N2U3ZDJmMjUyMEFDMjUwNDJiN2E2YjQ4MjNkMzY0ZGFjOTdlN2QyZjI1MjBzYWRhc2R6Y3h4eGN6eGN6Y3pzYWRhc2RBQzI1MDQyYjdhNmI0ODIzZDM2NGRhYzk3ZTdkMmYyNTIw","dataCrc32c":"2810650749"}}
[debug] [2026-02-03T04:12:33.532Z] <<< [apiv2][status] GET https://secretmanager.googleapis.com/v1/projects/harvester-tracker-f6cab/secrets/TWILIO_AUTH_TOKEN/versions/latest:access 200
[debug] [2026-02-03T04:12:33.532Z] <<< [apiv2][body] GET https://secretmanager.googleapis.com/v1/projects/harvester-tracker-f6cab/secrets/TWILIO_AUTH_TOKEN/versions/latest:access {"name":"projects/342892753940/secrets/TWILIO_AUTH_TOKEN/versions/1","payload":{"data":"MDg0YWIxZjdmNmE4NWFlNzkxODg1MDlkYzA3ZGY1OGM=","dataCrc32c":"3592104696"}}
[debug] [2026-02-03T04:12:33.564Z] [worker-pool] addWorker(us-central1-sendWhatsAppOTP) {"metadata":{"emulator":{"name":"functions"},"message":"[worker-pool] addWorker(us-central1-sendWhatsAppOTP)"}}
[debug] [2026-02-03T04:12:33.566Z] [worker-pool] Adding worker with key us-central1-sendWhatsAppOTP, total=1 {"metadata":{"emulator":{"name":"functions"},"message":"[worker-pool] Adding worker with key us-central1-sendWhatsAppOTP, total=1"}}
[debug] [2026-02-03T04:12:34.400Z] [runtime-status] [22320] Resolved module firebase-admin {"declared":true,"installed":true,"version":"13.6.0","resolution":"E:\\HemantProject\\bolt projects\\Harvester 3.0\\Harvester 3.0\\functions\\node_modules\\firebase-admin\\lib\\index.js"} {"metadata":{"emulator":{"name":"functions"},"function":{"name":"us-central1-sendWhatsAppOTP"},"extension":{},"message":"[runtime-status] [22320] Resolved module firebase-admin {\"declared\":true,\"installed\":true,\"version\":\"13.6.0\",\"resolution\":\"E:\\\\HemantProject\\\\bolt projects\\\\Harvester 3.0\\\\Harvester 3.0\\\\functions\\\\node_modules\\\\firebase-admin\\\\lib\\\\index.js\"}"}}
[debug] [2026-02-03T04:12:34.401Z] [runtime-status] [22320] Resolved module firebase-functions {"declared":true,"installed":true,"version":"7.0.3","resolution":"E:\\HemantProject\\bolt projects\\Harvester 3.0\\Harvester 3.0\\functions\\node_modules\\firebase-functions\\lib\\v2\\index.js"} {"metadata":{"emulator":{"name":"functions"},"function":{"name":"us-central1-sendWhatsAppOTP"},"extension":{},"message":"[runtime-status] [22320] Resolved module firebase-functions {\"declared\":true,\"installed\":true,\"version\":\"7.0.3\",\"resolution\":\"E:\\\\HemantProject\\\\bolt projects\\\\Harvester 3.0\\\\Harvester 3.0\\\\functions\\\\node_modules\\\\firebase-functions\\\\lib\\\\v2\\\\index.js\"}"}}
[debug] [2026-02-03T04:12:34.402Z] [runtime-status] [22320] Outgoing network have been stubbed. [{"name":"http","status":"mocked"},{"name":"http","status":"mocked"},{"name":"https","status":"mocked"},{"name":"https","status":"mocked"},{"name":"net","status":"mocked"}] {"metadata":{"emulator":{"name":"functions"},"function":{"name":"us-central1-sendWhatsAppOTP"},"extension":{},"message":"[runtime-status] [22320] Outgoing network have been stubbed. [{\"name\":\"http\",\"status\":\"mocked\"},{\"name\":\"http\",\"status\":\"mocked\"},{\"name\":\"https\",\"status\":\"mocked\"},{\"name\":\"https\",\"status\":\"mocked\"},{\"name\":\"net\",\"status\":\"mocked\"}]"}}
[debug] [2026-02-03T04:12:34.402Z] [runtime-status] [22320] Resolved module firebase-functions {"declared":true,"installed":true,"version":"7.0.3","resolution":"E:\\HemantProject\\bolt projects\\Harvester 3.0\\Harvester 3.0\\functions\\node_modules\\firebase-functions\\lib\\v2\\index.js"} {"metadata":{"emulator":{"name":"functions"},"function":{"name":"us-central1-sendWhatsAppOTP"},"extension":{},"message":"[runtime-status] [22320] Resolved module firebase-functions {\"declared\":true,\"installed\":true,\"version\":\"7.0.3\",\"resolution\":\"E:\\\\HemantProject\\\\bolt projects\\\\Harvester 3.0\\\\Harvester 3.0\\\\functions\\\\node_modules\\\\firebase-functions\\\\lib\\\\v2\\\\index.js\"}"}}
[debug] [2026-02-03T04:12:34.403Z] [runtime-status] [22320] Detected firebase-functions v7+, skipping legacy stubs. {"metadata":{"emulator":{"name":"functions"},"function":{"name":"us-central1-sendWhatsAppOTP"},"extension":{},"message":"[runtime-status] [22320] Detected firebase-functions v7+, skipping legacy stubs."}}
[debug] [2026-02-03T04:12:34.403Z] [runtime-status] [22320] Resolved module firebase-admin {"declared":true,"installed":true,"version":"13.6.0","resolution":"E:\\HemantProject\\bolt projects\\Harvester 3.0\\Harvester 3.0\\functions\\node_modules\\firebase-admin\\lib\\index.js"} {"metadata":{"emulator":{"name":"functions"},"function":{"name":"us-central1-sendWhatsAppOTP"},"extension":{},"message":"[runtime-status] [22320] Resolved module firebase-admin {\"declared\":true,\"installed\":true,\"version\":\"13.6.0\",\"resolution\":\"E:\\\\HemantProject\\\\bolt projects\\\\Harvester 3.0\\\\Harvester 3.0\\\\functions\\\\node_modules\\\\firebase-admin\\\\lib\\\\index.js\"}"}}
[debug] [2026-02-03T04:12:34.456Z] [runtime-status] [22320] Resolved module firebase-functions {"declared":true,"installed":true,"version":"7.0.3","resolution":"E:\\HemantProject\\bolt projects\\Harvester 3.0\\Harvester 3.0\\functions\\node_modules\\firebase-functions\\lib\\v2\\index.js"} {"metadata":{"emulator":{"name":"functions"},"function":{"name":"us-central1-sendWhatsAppOTP"},"extension":{},"message":"[runtime-status] [22320] Resolved module firebase-functions {\"declared\":true,\"installed\":true,\"version\":\"7.0.3\",\"resolution\":\"E:\\\\HemantProject\\\\bolt projects\\\\Harvester 3.0\\\\Harvester 3.0\\\\functions\\\\node_modules\\\\firebase-functions\\\\lib\\\\v2\\\\index.js\"}"}}
[debug] [2026-02-03T04:12:34.746Z] [runtime-status] [22320] firebase-admin has been stubbed. {"adminResolution":{"declared":true,"installed":true,"version":"13.6.0","resolution":"E:\\HemantProject\\bolt projects\\Harvester 3.0\\Harvester 3.0\\functions\\node_modules\\firebase-admin\\lib\\index.js"}} {"metadata":{"emulator":{"name":"functions"},"function":{"name":"us-central1-sendWhatsAppOTP"},"extension":{},"message":"[runtime-status] [22320] firebase-admin has been stubbed. {\"adminResolution\":{\"declared\":true,\"installed\":true,\"version\":\"13.6.0\",\"resolution\":\"E:\\\\HemantProject\\\\bolt projects\\\\Harvester 3.0\\\\Harvester 3.0\\\\functions\\\\node_modules\\\\firebase-admin\\\\lib\\\\index.js\"}}"}}
[debug] [2026-02-03T04:12:34.803Z] [runtime-status] [22320] initializeApp(DEFAULT) {"storageBucket":"harvester-tracker-f6cab.firebasestorage.app","databaseURL":"https://harvester-tracker-f6cab-default-rtdb.asia-southeast1.firebasedatabase.app","projectId":"harvester-tracker-f6cab"} {"metadata":{"emulator":{"name":"functions"},"function":{"name":"us-central1-sendWhatsAppOTP"},"extension":{},"message":"[runtime-status] [22320] initializeApp(DEFAULT) {\"storageBucket\":\"harvester-tracker-f6cab.firebasestorage.app\",\"databaseURL\":\"https://harvester-tracker-f6cab-default-rtdb.asia-southeast1.firebasedatabase.app\",\"projectId\":\"harvester-tracker-f6cab\"}"}}
[debug] [2026-02-03T04:12:34.808Z] [runtime-status] [22320] Functions runtime initialized. {"cwd":"E:\\HemantProject\\bolt projects\\Harvester 3.0\\Harvester 3.0\\functions","node_version":"22.22.0"} {"metadata":{"emulator":{"name":"functions"},"function":{"name":"us-central1-sendWhatsAppOTP"},"extension":{},"message":"[runtime-status] [22320] Functions runtime initialized. {\"cwd\":\"E:\\\\HemantProject\\\\bolt projects\\\\Harvester 3.0\\\\Harvester 3.0\\\\functions\",\"node_version\":\"22.22.0\"}"}}
[debug] [2026-02-03T04:12:34.809Z] [runtime-status] [22320] Listening to port: \\?\pipe\fire_emu_aa8161920f00e2a9 {"metadata":{"emulator":{"name":"functions"},"function":{"name":"us-central1-sendWhatsAppOTP"},"extension":{},"message":"[runtime-status] [22320] Listening to port: \\\\?\\pipe\\fire_emu_aa8161920f00e2a9"}}
[debug] [2026-02-03T04:12:34.869Z] [worker-us-central1-sendWhatsAppOTP-ac1e2fd8-c413-4d9c-9e65-3c56549274ba]: IDLE {"metadata":{"emulator":{"name":"functions"},"function":{"name":"us-central1-sendWhatsAppOTP"},"extension":{},"message":"[worker-us-central1-sendWhatsAppOTP-ac1e2fd8-c413-4d9c-9e65-3c56549274ba]: IDLE"}}
[debug] [2026-02-03T04:12:34.869Z] [worker-pool] submitRequest(triggerId=us-central1-sendWhatsAppOTP) {"metadata":{"emulator":{"name":"functions"},"message":"[worker-pool] submitRequest(triggerId=us-central1-sendWhatsAppOTP)"}}
[info] i  functions: Beginning execution of "us-central1-sendWhatsAppOTP" {"metadata":{"emulator":{"name":"functions"},"function":{"name":"us-central1-sendWhatsAppOTP"},"extension":{},"message":"Beginning execution of \"us-central1-sendWhatsAppOTP\""}}
[debug] [2026-02-03T04:12:34.871Z] [worker-us-central1-sendWhatsAppOTP-ac1e2fd8-c413-4d9c-9e65-3c56549274ba]: BUSY {"metadata":{"emulator":{"name":"functions"},"function":{"name":"us-central1-sendWhatsAppOTP"},"extension":{},"message":"[worker-us-central1-sendWhatsAppOTP-ac1e2fd8-c413-4d9c-9e65-3c56549274ba]: BUSY"}}
[debug] [2026-02-03T04:12:34.879Z] Finishing up request with event=pause {"metadata":{"emulator":{"name":"functions"},"function":{"name":"us-central1-sendWhatsAppOTP"},"extension":{},"message":"Finishing up request with event=pause"}}
[info] i  functions: Finished "us-central1-sendWhatsAppOTP" in 8.5816ms {"metadata":{"emulator":{"name":"functions"},"function":{"name":"us-central1-sendWhatsAppOTP"},"extension":{},"message":"Finished \"us-central1-sendWhatsAppOTP\" in 8.5816ms"}}
[debug] [2026-02-03T04:12:34.881Z] [worker-us-central1-sendWhatsAppOTP-ac1e2fd8-c413-4d9c-9e65-3c56549274ba]: IDLE {"metadata":{"emulator":{"name":"functions"},"function":{"name":"us-central1-sendWhatsAppOTP"},"extension":{},"message":"[worker-us-central1-sendWhatsAppOTP-ac1e2fd8-c413-4d9c-9e65-3c56549274ba]: IDLE"}}
[debug] [2026-02-03T04:12:34.883Z] Finishing up request with event=finish {"metadata":{"emulator":{"name":"functions"},"function":{"name":"us-central1-sendWhatsAppOTP"},"extension":{},"message":"Finishing up request with event=finish"}}
[debug] [2026-02-03T04:12:34.883Z] Finishing up request with event=close {"metadata":{"emulator":{"name":"functions"},"function":{"name":"us-central1-sendWhatsAppOTP"},"extension":{},"message":"Finishing up request with event=close"}}
[debug] [2026-02-03T04:12:34.884Z] [work-queue] {"queuedWork":[],"queueLength":0,"runningWork":[],"workRunningCount":0}
[debug] [2026-02-03T04:12:34.889Z] [work-queue] {"queuedWork":["/harvester-tracker-f6cab/us-central1/sendWhatsAppOTP-2026-02-03T04:12:34.889Z"],"queueLength":1,"runningWork":[],"workRunningCount":0}
[debug] [2026-02-03T04:12:34.890Z] [work-queue] {"queuedWork":[],"queueLength":0,"runningWork":["/harvester-tracker-f6cab/us-central1/sendWhatsAppOTP-2026-02-03T04:12:34.889Z"],"workRunningCount":1}
[debug] [2026-02-03T04:12:34.890Z] Accepted request POST /harvester-tracker-f6cab/us-central1/sendWhatsAppOTP --> us-central1-sendWhatsAppOTP
[debug] [2026-02-03T04:12:34.893Z] [functions] Runtime ready! Sending request! {"metadata":{"emulator":{"name":"functions"},"message":"[functions] Runtime ready! Sending request!"}}
[debug] [2026-02-03T04:12:34.894Z] [functions] Got req.url=/harvester-tracker-f6cab/us-central1/sendWhatsAppOTP, mapping to path=/ {"metadata":{"emulator":{"name":"functions"},"message":"[functions] Got req.url=/harvester-tracker-f6cab/us-central1/sendWhatsAppOTP, mapping to path=/"}}
[debug] [2026-02-03T04:12:34.894Z] [worker-pool] submitRequest(triggerId=us-central1-sendWhatsAppOTP) {"metadata":{"emulator":{"name":"functions"},"message":"[worker-pool] submitRequest(triggerId=us-central1-sendWhatsAppOTP)"}}
[info] i  functions: Beginning execution of "us-central1-sendWhatsAppOTP" {"metadata":{"emulator":{"name":"functions"},"function":{"name":"us-central1-sendWhatsAppOTP"},"extension":{},"message":"Beginning execution of \"us-central1-sendWhatsAppOTP\""}}
[debug] [2026-02-03T04:12:34.897Z] [worker-us-central1-sendWhatsAppOTP-ac1e2fd8-c413-4d9c-9e65-3c56549274ba]: BUSY {"metadata":{"emulator":{"name":"functions"},"function":{"name":"us-central1-sendWhatsAppOTP"},"extension":{},"message":"[worker-us-central1-sendWhatsAppOTP-ac1e2fd8-c413-4d9c-9e65-3c56549274ba]: BUSY"}}
[info] >  {"verifications":{"app":"MISSING","auth":"MISSING"},"logging.googleapis.com/labels":{"firebase-log-type":"callable-request-verification"},"severity":"DEBUG","message":"Callable request verification passed"} {"user":{"verifications":{"app":"MISSING","auth":"MISSING"},"logging.googleapis.com/labels":{"firebase-log-type":"callable-request-verification"},"severity":"DEBUG","message":"Callable request verification passed"},"metadata":{"emulator":{"name":"functions"},"function":{"name":"us-central1-sendWhatsAppOTP"},"extension":{},"message":"\u001b[90m> \u001b[39m {\"verifications\":{\"app\":\"MISSING\",\"auth\":\"MISSING\"},\"logging.googleapis.com/labels\":{\"firebase-log-type\":\"callable-request-verification\"},\"severity\":\"DEBUG\",\"message\":\"Callable request verification passed\"}"}}
[warn] !  functions: The Cloud Firestore emulator is not running, so calls to Firestore will affect production. {"metadata":{"emulator":{"name":"functions"},"function":{"name":"us-central1-sendWhatsAppOTP"},"extension":{},"message":"The Cloud Firestore emulator is not running, so calls to Firestore will affect production."}}
[warn] !  Google API requested!
   - URL: "https://oauth2.googleapis.com/token"
   - Be careful, this may be a production service. {"metadata":{"emulator":{"name":"functions"},"function":{"name":"us-central1-sendWhatsAppOTP"},"extension":{},"message":"Google API requested!\n   - URL: \"https://oauth2.googleapis.com/token\"\n   - Be careful, this may be a production service."}}
[info] >  {"severity":"ERROR","message":"Unhandled error RestException [Error]: Authentication Error - invalid username\n    at V2010.throwException (E:\\HemantProject\\bolt projects\\Harvester 3.0\\Harvester 3.0\\functions\\node_modules\\twilio\\lib\\base\\Version.js:50:15)\n    at E:\\HemantProject\\bolt projects\\Harvester 3.0\\Harvester 3.0\\functions\\node_modules\\twilio\\lib\\base\\Version.js:108:22\n    at process.processTicksAndRejections (node:internal/process/task_queues:105:5)\n    at async E:\\HemantProject\\bolt projects\\Harvester 3.0\\Harvester 3.0\\functions\\index.js:56:5\n    at async E:\\HemantProject\\bolt projects\\Harvester 3.0\\Harvester 3.0\\functions\\node_modules\\firebase-functions\\lib\\common\\providers\\https.js:513:14\n    at async runFunction (C:\\Users\\USER\\AppData\\Local\\nvm\\v22.22.0\\node_modules\\firebase-tools\\lib\\emulator\\functionsEmulatorRuntime.js:399:9)\n    at async runHTTPS (C:\\Users\\USER\\AppData\\Local\\nvm\\v22.22.0\\node_modules\\firebase-tools\\lib\\emulator\\functionsEmulatorRuntime.js:424:5)\n    at async C:\\Users\\USER\\AppData\\Local\\nvm\\v22.22.0\\node_modules\\firebase-tools\\lib\\emulator\\functionsEmulatorRuntime.js:585:21 {\n  status: 401,\n  code: 20003,\n  moreInfo: 'https://www.twilio.com/docs/errors/20003',\n  details: undefined\n}"} {"user":{"severity":"ERROR","message":"Unhandled error RestException [Error]: Authentication Error - invalid username\n    at V2010.throwException (E:\\HemantProject\\bolt projects\\Harvester 3.0\\Harvester 3.0\\functions\\node_modules\\twilio\\lib\\base\\Version.js:50:15)\n    at E:\\HemantProject\\bolt projects\\Harvester 3.0\\Harvester 3.0\\functions\\node_modules\\twilio\\lib\\base\\Version.js:108:22\n    at process.processTicksAndRejections (node:internal/process/task_queues:105:5)\n    at async E:\\HemantProject\\bolt projects\\Harvester 3.0\\Harvester 3.0\\functions\\index.js:56:5\n    at async E:\\HemantProject\\bolt projects\\Harvester 3.0\\Harvester 3.0\\functions\\node_modules\\firebase-functions\\lib\\common\\providers\\https.js:513:14\n    at async runFunction (C:\\Users\\USER\\AppData\\Local\\nvm\\v22.22.0\\node_modules\\firebase-tools\\lib\\emulator\\functionsEmulatorRuntime.js:399:9)\n    at async runHTTPS (C:\\Users\\USER\\AppData\\Local\\nvm\\v22.22.0\\node_modules\\firebase-tools\\lib\\emulator\\functionsEmulatorRuntime.js:424:5)\n    at async C:\\Users\\USER\\AppData\\Local\\nvm\\v22.22.0\\node_modules\\firebase-tools\\lib\\emulator\\functionsEmulatorRuntime.js:585:21 {\n  status: 401,\n  code: 20003,\n  moreInfo: 'https://www.twilio.com/docs/errors/20003',\n  details: undefined\n}"},"metadata":{"emulator":{"name":"functions"},"function":{"name":"us-central1-sendWhatsAppOTP"},"extension":{},"message":"\u001b[90m> \u001b[39m {\"severity\":\"ERROR\",\"message\":\"Unhandled error RestException [Error]: Authentication Error - invalid username\\n    at V2010.throwException (E:\\\\HemantProject\\\\bolt projects\\\\Harvester 3.0\\\\Harvester 3.0\\\\functions\\\\node_modules\\\\twilio\\\\lib\\\\base\\\\Version.js:50:15)\\n    at E:\\\\HemantProject\\\\bolt projects\\\\Harvester 3.0\\\\Harvester 3.0\\\\functions\\\\node_modules\\\\twilio\\\\lib\\\\base\\\\Version.js:108:22\\n    at process.processTicksAndRejections (node:internal/process/task_queues:105:5)\\n    at async E:\\\\HemantProject\\\\bolt projects\\\\Harvester 3.0\\\\Harvester 3.0\\\\functions\\\\index.js:56:5\\n    at async E:\\\\HemantProject\\\\bolt projects\\\\Harvester 3.0\\\\Harvester 3.0\\\\functions\\\\node_modules\\\\firebase-functions\\\\lib\\\\common\\\\providers\\\\https.js:513:14\\n    at async runFunction (C:\\\\Users\\\\USER\\\\AppData\\\\Local\\\\nvm\\\\v22.22.0\\\\node_modules\\\\firebase-tools\\\\lib\\\\emulator\\\\functionsEmulatorRuntime.js:399:9)\\n    at async runHTTPS (C:\\\\Users\\\\USER\\\\AppData\\\\Local\\\\nvm\\\\v22.22.0\\\\node_modules\\\\firebase-tools\\\\lib\\\\emulator\\\\functionsEmulatorRuntime.js:424:5)\\n    at async C:\\\\Users\\\\USER\\\\AppData\\\\Local\\\\nvm\\\\v22.22.0\\\\node_modules\\\\firebase-tools\\\\lib\\\\emulator\\\\functionsEmulatorRuntime.js:585:21 {\\n  status: 401,\\n  code: 20003,\\n  moreInfo: 'https://www.twilio.com/docs/errors/20003',\\n  details: undefined\\n}\"}"}}
[debug] [2026-02-03T04:12:36.290Z] Finishing up request with event=pause {"metadata":{"emulator":{"name":"functions"},"function":{"name":"us-central1-sendWhatsAppOTP"},"extension":{},"message":"Finishing up request with event=pause"}}
[info] i  functions: Finished "us-central1-sendWhatsAppOTP" in 1393.8799ms {"metadata":{"emulator":{"name":"functions"},"function":{"name":"us-central1-sendWhatsAppOTP"},"extension":{},"message":"Finished \"us-central1-sendWhatsAppOTP\" in 1393.8799ms"}}
[debug] [2026-02-03T04:12:36.293Z] [worker-us-central1-sendWhatsAppOTP-ac1e2fd8-c413-4d9c-9e65-3c56549274ba]: IDLE {"metadata":{"emulator":{"name":"functions"},"function":{"name":"us-central1-sendWhatsAppOTP"},"extension":{},"message":"[worker-us-central1-sendWhatsAppOTP-ac1e2fd8-c413-4d9c-9e65-3c56549274ba]: IDLE"}}
[debug] [2026-02-03T04:12:36.293Z] Finishing up request with event=finish {"metadata":{"emulator":{"name":"functions"},"function":{"name":"us-central1-sendWhatsAppOTP"},"extension":{},"message":"Finishing up request with event=finish"}}
[debug] [2026-02-03T04:12:36.295Z] Finishing up request with event=close {"metadata":{"emulator":{"name":"functions"},"function":{"name":"us-central1-sendWhatsAppOTP"},"extension":{},"message":"Finishing up request with event=close"}}
[debug] [2026-02-03T04:12:36.295Z] [work-queue] {"queuedWork":[],"queueLength":0,"runningWork":[],"workRunningCount":0}
