[debug] [2026-01-28T18:12:03.239Z] ----------------------------------------------------------------------
[debug] [2026-01-28T18:12:03.241Z] Command:       C:\nvm4w\nodejs\node.exe C:\nvm4w\nodejs\node_modules\firebase-tools\lib\bin\firebase.js emulators:start --only functions --inspect-functions
[debug] [2026-01-28T18:12:03.242Z] CLI Version:   15.4.0
[debug] [2026-01-28T18:12:03.242Z] Platform:      win32
[debug] [2026-01-28T18:12:03.242Z] Node Version:  v22.22.0
[debug] [2026-01-28T18:12:03.242Z] Time:          Wed Jan 28 2026 23:42:03 GMT+0530 (India Standard Time)
[debug] [2026-01-28T18:12:03.242Z] ----------------------------------------------------------------------
[debug] 
[debug] [2026-01-28T18:12:04.324Z] > command requires scopes: ["email","openid","https://www.googleapis.com/auth/cloudplatformprojects.readonly","https://www.googleapis.com/auth/firebase","https://www.googleapis.com/auth/cloud-platform"]
[debug] [2026-01-28T18:12:04.325Z] > authorizing via signed-in user (hemantkumarskh@gmail.com)
[info] i  emulators: Starting emulators: functions {"metadata":{"emulator":{"name":"hub"},"message":"Starting emulators: functions"}}
[debug] [2026-01-28T18:12:04.332Z] [logging] Logging Emulator only supports listening on one address (127.0.0.1). Not listening on ::1
[debug] [2026-01-28T18:12:04.332Z] assigned listening specs for emulators {"user":{"hub":[{"address":"127.0.0.1","family":"IPv4","port":4400},{"address":"::1","family":"IPv6","port":4400}],"ui":[{"address":"127.0.0.1","family":"IPv4","port":4000},{"address":"::1","family":"IPv6","port":4000}],"logging":[{"address":"127.0.0.1","family":"IPv4","port":4500}]},"metadata":{"message":"assigned listening specs for emulators"}}
[debug] [2026-01-28T18:12:04.336Z] Write emulator hub locator at C:\Users\USER\AppData\Local\Temp\hub-harvester-tracker-f6cab.json
[debug] [2026-01-28T18:12:04.352Z] [functions] Functions Emulator only supports listening on one address (127.0.0.1). Not listening on ::1
[debug] [2026-01-28T18:12:04.352Z] [eventarc] Eventarc Emulator only supports listening on one address (127.0.0.1). Not listening on ::1
[debug] [2026-01-28T18:12:04.352Z] [tasks] Cloud Tasks Emulator only supports listening on one address (127.0.0.1). Not listening on ::1
[debug] [2026-01-28T18:12:04.352Z] late-assigned ports for functions and eventarc emulators {"user":{"hub":[{"address":"127.0.0.1","family":"IPv4","port":4400},{"address":"::1","family":"IPv6","port":4400}],"ui":[{"address":"127.0.0.1","family":"IPv4","port":4000},{"address":"::1","family":"IPv6","port":4000}],"logging":[{"address":"127.0.0.1","family":"IPv4","port":4500}],"functions":[{"address":"127.0.0.1","family":"IPv4","port":5001}],"eventarc":[{"address":"127.0.0.1","family":"IPv4","port":9299}],"tasks":[{"address":"127.0.0.1","family":"IPv4","port":9499}]},"metadata":{"message":"late-assigned ports for functions and eventarc emulators"}}
[warn] !  functions: You are running the Functions emulator in debug mode. This means that functions will execute in sequence rather than in parallel. {"metadata":{"emulator":{"name":"functions"},"message":"You are running the Functions emulator in debug mode. This means that functions will execute in sequence rather than in parallel."}}
[warn] !  functions: The following emulators are not running, calls to these services from the Functions emulator will affect production: apphosting, auth, firestore, database, hosting, pubsub, storage, dataconnect {"metadata":{"emulator":{"name":"functions"},"message":"The following emulators are not running, calls to these services from the Functions emulator will affect production: \u001b[1mapphosting, auth, firestore, database, hosting, pubsub, storage, dataconnect\u001b[22m"}}
[debug] [2026-01-28T18:12:04.456Z] defaultcredentials: writing to file C:\Users\USER\AppData\Roaming\firebase\hemantkumarskh_gmail_com_application_default_credentials.json
[debug] [2026-01-28T18:12:04.459Z] Setting GAC to C:\Users\USER\AppData\Roaming\firebase\hemantkumarskh_gmail_com_application_default_credentials.json {"metadata":{"emulator":{"name":"functions"},"message":"Setting GAC to C:\\Users\\USER\\AppData\\Roaming\\firebase\\hemantkumarskh_gmail_com_application_default_credentials.json"}}
[debug] [2026-01-28T18:12:04.460Z] Checked if tokens are valid: true, expires at: 1769626229403
[debug] [2026-01-28T18:12:04.460Z] Checked if tokens are valid: true, expires at: 1769626229403
[debug] [2026-01-28T18:12:04.461Z] >>> [apiv2][query] GET https://firebase.googleapis.com/v1beta1/projects/harvester-tracker-f6cab/adminSdkConfig [none]
[debug] [2026-01-28T18:12:05.105Z] <<< [apiv2][status] GET https://firebase.googleapis.com/v1beta1/projects/harvester-tracker-f6cab/adminSdkConfig 200
[debug] [2026-01-28T18:12:05.105Z] <<< [apiv2][body] GET https://firebase.googleapis.com/v1beta1/projects/harvester-tracker-f6cab/adminSdkConfig {"projectId":"harvester-tracker-f6cab","databaseURL":"https://harvester-tracker-f6cab-default-rtdb.asia-southeast1.firebasedatabase.app","storageBucket":"harvester-tracker-f6cab.firebasestorage.app"}
[info] i  ui: downloading ui-v1.15.0.zip... {"metadata":{"emulator":{"name":"ui"},"message":"downloading ui-v1.15.0.zip..."}}
[debug] [2026-01-28T18:12:05.145Z] >>> [apiv2][query] GET https://storage.googleapis.com/firebase-preview-drop/emulator/ui-v1.15.0.zip 
[debug] [2026-01-28T18:12:05.484Z] <<< [apiv2][status] GET https://storage.googleapis.com/firebase-preview-drop/emulator/ui-v1.15.0.zip 200
[debug] [2026-01-28T18:12:05.484Z] <<< [apiv2][body] GET https://storage.googleapis.com/firebase-preview-drop/emulator/ui-v1.15.0.zip [stream]
[debug] [2026-01-28T18:12:05.918Z] Data is 3538469
[debug] [2026-01-28T18:12:05.918Z] [unzip] Entry: client/ (compressed_size=0 bytes, uncompressed_size=0 bytes)
[debug] [2026-01-28T18:12:05.920Z] [unzip] Processing entry: client\
[debug] [2026-01-28T18:12:05.920Z] [unzip] mkdir: C:\Users\USER\.cache\firebase\emulators\ui-v1.15.0\client\
[debug] [2026-01-28T18:12:05.923Z] [unzip] Entry: client/favicon-16x16.png (compressed_size=293 bytes, uncompressed_size=293 bytes)
[debug] [2026-01-28T18:12:05.923Z] [unzip] Processing entry: client\favicon-16x16.png
[debug] [2026-01-28T18:12:05.924Z] [unzip] else mkdir: C:\Users\USER\.cache\firebase\emulators\ui-v1.15.0\client
[debug] [2026-01-28T18:12:05.929Z] [unzip] Writing file: C:\Users\USER\.cache\firebase\emulators\ui-v1.15.0\client\favicon-16x16.png
[debug] [2026-01-28T18:12:05.939Z] [unzip] Entry: client/safari-pinned-tab.svg (compressed_size=1433 bytes, uncompressed_size=2611 bytes)
[debug] [2026-01-28T18:12:05.939Z] [unzip] Processing entry: client\safari-pinned-tab.svg
[debug] [2026-01-28T18:12:05.939Z] [unzip] else mkdir: C:\Users\USER\.cache\firebase\emulators\ui-v1.15.0\client
[debug] [2026-01-28T18:12:05.948Z] [unzip] deflating: C:\Users\USER\.cache\firebase\emulators\ui-v1.15.0\client\safari-pinned-tab.svg
[debug] [2026-01-28T18:12:05.963Z] [unzip] Entry: client/favicon.ico (compressed_size=2933 bytes, uncompressed_size=13294 bytes)
[debug] [2026-01-28T18:12:05.963Z] [unzip] Processing entry: client\favicon.ico
[debug] [2026-01-28T18:12:05.963Z] [unzip] else mkdir: C:\Users\USER\.cache\firebase\emulators\ui-v1.15.0\client
[debug] [2026-01-28T18:12:05.968Z] [unzip] deflating: C:\Users\USER\.cache\firebase\emulators\ui-v1.15.0\client\favicon.ico
[debug] [2026-01-28T18:12:05.989Z] [unzip] Entry: client/index.html (compressed_size=1364 bytes, uncompressed_size=3071 bytes)
[debug] [2026-01-28T18:12:05.989Z] [unzip] Processing entry: client\index.html
[debug] [2026-01-28T18:12:05.989Z] [unzip] else mkdir: C:\Users\USER\.cache\firebase\emulators\ui-v1.15.0\client
[debug] [2026-01-28T18:12:05.994Z] [unzip] deflating: C:\Users\USER\.cache\firebase\emulators\ui-v1.15.0\client\index.html
[debug] [2026-01-28T18:12:06.002Z] [unzip] Entry: client/android-chrome-192x192.png (compressed_size=2684 bytes, uncompressed_size=2684 bytes)
[debug] [2026-01-28T18:12:06.003Z] [unzip] Processing entry: client\android-chrome-192x192.png
[debug] [2026-01-28T18:12:06.003Z] [unzip] else mkdir: C:\Users\USER\.cache\firebase\emulators\ui-v1.15.0\client
[debug] [2026-01-28T18:12:06.008Z] [unzip] Writing file: C:\Users\USER\.cache\firebase\emulators\ui-v1.15.0\client\android-chrome-192x192.png
[debug] [2026-01-28T18:12:06.013Z] [unzip] Entry: client/apple-touch-icon.png (compressed_size=2123 bytes, uncompressed_size=2152 bytes)
[debug] [2026-01-28T18:12:06.014Z] [unzip] Processing entry: client\apple-touch-icon.png
[debug] [2026-01-28T18:12:06.014Z] [unzip] else mkdir: C:\Users\USER\.cache\firebase\emulators\ui-v1.15.0\client
[debug] [2026-01-28T18:12:06.017Z] [unzip] deflating: C:\Users\USER\.cache\firebase\emulators\ui-v1.15.0\client\apple-touch-icon.png
[debug] [2026-01-28T18:12:06.023Z] [unzip] Entry: client/android-chrome-512x512.png (compressed_size=5369 bytes, uncompressed_size=5411 bytes)
[debug] [2026-01-28T18:12:06.023Z] [unzip] Processing entry: client\android-chrome-512x512.png
[debug] [2026-01-28T18:12:06.024Z] [unzip] else mkdir: C:\Users\USER\.cache\firebase\emulators\ui-v1.15.0\client
[debug] [2026-01-28T18:12:06.032Z] [unzip] deflating: C:\Users\USER\.cache\firebase\emulators\ui-v1.15.0\client\android-chrome-512x512.png
[debug] [2026-01-28T18:12:06.040Z] [unzip] Entry: client/manifest.json (compressed_size=245 bytes, uncompressed_size=551 bytes)
[debug] [2026-01-28T18:12:06.041Z] [unzip] Processing entry: client\manifest.json
[debug] [2026-01-28T18:12:06.041Z] [unzip] else mkdir: C:\Users\USER\.cache\firebase\emulators\ui-v1.15.0\client
[debug] [2026-01-28T18:12:06.043Z] [unzip] deflating: C:\Users\USER\.cache\firebase\emulators\ui-v1.15.0\client\manifest.json
[debug] [2026-01-28T18:12:06.046Z] [unzip] Entry: client/robots.txt (compressed_size=26 bytes, uncompressed_size=26 bytes)
[debug] [2026-01-28T18:12:06.046Z] [unzip] Processing entry: client\robots.txt
[debug] [2026-01-28T18:12:06.046Z] [unzip] else mkdir: C:\Users\USER\.cache\firebase\emulators\ui-v1.15.0\client
[debug] [2026-01-28T18:12:06.047Z] [unzip] Writing file: C:\Users\USER\.cache\firebase\emulators\ui-v1.15.0\client\robots.txt
[debug] [2026-01-28T18:12:06.048Z] [unzip] Entry: client/mstile-150x150.png (compressed_size=2034 bytes, uncompressed_size=2034 bytes)
[debug] [2026-01-28T18:12:06.048Z] [unzip] Processing entry: client\mstile-150x150.png
[debug] [2026-01-28T18:12:06.048Z] [unzip] else mkdir: C:\Users\USER\.cache\firebase\emulators\ui-v1.15.0\client
[debug] [2026-01-28T18:12:06.051Z] [unzip] Writing file: C:\Users\USER\.cache\firebase\emulators\ui-v1.15.0\client\mstile-150x150.png
[debug] [2026-01-28T18:12:06.053Z] [unzip] Entry: client/assets/ (compressed_size=0 bytes, uncompressed_size=0 bytes)
[debug] [2026-01-28T18:12:06.053Z] [unzip] Processing entry: client\assets\
[debug] [2026-01-28T18:12:06.053Z] [unzip] mkdir: C:\Users\USER\.cache\firebase\emulators\ui-v1.15.0\client\assets\
[debug] [2026-01-28T18:12:06.054Z] [unzip] Entry: client/assets/index-BX-A56oj.js (compressed_size=582089 bytes, uncompressed_size=2092775 bytes)
[debug] [2026-01-28T18:12:06.054Z] [unzip] Processing entry: client\assets\index-BX-A56oj.js
[debug] [2026-01-28T18:12:06.054Z] [unzip] else mkdir: C:\Users\USER\.cache\firebase\emulators\ui-v1.15.0\client\assets
[debug] [2026-01-28T18:12:06.054Z] [unzip] deflating: C:\Users\USER\.cache\firebase\emulators\ui-v1.15.0\client\assets\index-BX-A56oj.js
[debug] [2026-01-28T18:12:06.078Z] [unzip] Entry: client/assets/index-CjB9C900.css (compressed_size=35979 bytes, uncompressed_size=298654 bytes)
[debug] [2026-01-28T18:12:06.078Z] [unzip] Processing entry: client\assets\index-CjB9C900.css
[debug] [2026-01-28T18:12:06.078Z] [unzip] else mkdir: C:\Users\USER\.cache\firebase\emulators\ui-v1.15.0\client\assets
[debug] [2026-01-28T18:12:06.079Z] [unzip] deflating: C:\Users\USER\.cache\firebase\emulators\ui-v1.15.0\client\assets\index-CjB9C900.css
[debug] [2026-01-28T18:12:06.082Z] [unzip] Entry: client/assets/index-BX-A56oj.js.map (compressed_size=2362482 bytes, uncompressed_size=10036679 bytes)
[debug] [2026-01-28T18:12:06.082Z] [unzip] Processing entry: client\assets\index-BX-A56oj.js.map
[debug] [2026-01-28T18:12:06.082Z] [unzip] else mkdir: C:\Users\USER\.cache\firebase\emulators\ui-v1.15.0\client\assets
[debug] [2026-01-28T18:12:06.083Z] [unzip] deflating: C:\Users\USER\.cache\firebase\emulators\ui-v1.15.0\client\assets\index-BX-A56oj.js.map
[debug] [2026-01-28T18:12:06.139Z] [unzip] Entry: client/assets/extensions/ (compressed_size=0 bytes, uncompressed_size=0 bytes)
[debug] [2026-01-28T18:12:06.140Z] [unzip] Processing entry: client\assets\extensions\
[debug] [2026-01-28T18:12:06.140Z] [unzip] mkdir: C:\Users\USER\.cache\firebase\emulators\ui-v1.15.0\client\assets\extensions\
[debug] [2026-01-28T18:12:06.140Z] [unzip] Entry: client/assets/extensions/default-extension.png (compressed_size=1646 bytes, uncompressed_size=1657 bytes)
[debug] [2026-01-28T18:12:06.141Z] [unzip] Processing entry: client\assets\extensions\default-extension.png
[debug] [2026-01-28T18:12:06.141Z] [unzip] else mkdir: C:\Users\USER\.cache\firebase\emulators\ui-v1.15.0\client\assets\extensions
[debug] [2026-01-28T18:12:06.141Z] [unzip] deflating: C:\Users\USER\.cache\firebase\emulators\ui-v1.15.0\client\assets\extensions\default-extension.png
[debug] [2026-01-28T18:12:06.143Z] [unzip] Entry: client/assets/img/ (compressed_size=0 bytes, uncompressed_size=0 bytes)
[debug] [2026-01-28T18:12:06.143Z] [unzip] Processing entry: client\assets\img\
[debug] [2026-01-28T18:12:06.143Z] [unzip] mkdir: C:\Users\USER\.cache\firebase\emulators\ui-v1.15.0\client\assets\img\
[debug] [2026-01-28T18:12:06.144Z] [unzip] Entry: client/assets/img/database.png (compressed_size=29449 bytes, uncompressed_size=29988 bytes)
[debug] [2026-01-28T18:12:06.144Z] [unzip] Processing entry: client\assets\img\database.png
[debug] [2026-01-28T18:12:06.144Z] [unzip] else mkdir: C:\Users\USER\.cache\firebase\emulators\ui-v1.15.0\client\assets\img
[debug] [2026-01-28T18:12:06.144Z] [unzip] deflating: C:\Users\USER\.cache\firebase\emulators\ui-v1.15.0\client\assets\img\database.png
[debug] [2026-01-28T18:12:06.145Z] [unzip] Entry: client/assets/provider-icons/ (compressed_size=0 bytes, uncompressed_size=0 bytes)
[debug] [2026-01-28T18:12:06.145Z] [unzip] Processing entry: client\assets\provider-icons\
[debug] [2026-01-28T18:12:06.145Z] [unzip] mkdir: C:\Users\USER\.cache\firebase\emulators\ui-v1.15.0\client\assets\provider-icons\
[debug] [2026-01-28T18:12:06.146Z] [unzip] Entry: client/assets/provider-icons/auth_service_saml.svg (compressed_size=575 bytes, uncompressed_size=1226 bytes)
[debug] [2026-01-28T18:12:06.146Z] [unzip] Processing entry: client\assets\provider-icons\auth_service_saml.svg
[debug] [2026-01-28T18:12:06.146Z] [unzip] else mkdir: C:\Users\USER\.cache\firebase\emulators\ui-v1.15.0\client\assets\provider-icons
[debug] [2026-01-28T18:12:06.147Z] [unzip] deflating: C:\Users\USER\.cache\firebase\emulators\ui-v1.15.0\client\assets\provider-icons\auth_service_saml.svg
[debug] [2026-01-28T18:12:06.148Z] [unzip] Entry: client/assets/provider-icons/auth_service_phone.svg (compressed_size=261 bytes, uncompressed_size=414 bytes)
[debug] [2026-01-28T18:12:06.148Z] [unzip] Processing entry: client\assets\provider-icons\auth_service_phone.svg
[debug] [2026-01-28T18:12:06.148Z] [unzip] else mkdir: C:\Users\USER\.cache\firebase\emulators\ui-v1.15.0\client\assets\provider-icons
[debug] [2026-01-28T18:12:06.149Z] [unzip] deflating: C:\Users\USER\.cache\firebase\emulators\ui-v1.15.0\client\assets\provider-icons\auth_service_phone.svg
[debug] [2026-01-28T18:12:06.151Z] [unzip] Entry: client/assets/provider-icons/auth_service_facebook.svg (compressed_size=289 bytes, uncompressed_size=457 bytes)
[debug] [2026-01-28T18:12:06.151Z] [unzip] Processing entry: client\assets\provider-icons\auth_service_facebook.svg
[debug] [2026-01-28T18:12:06.151Z] [unzip] else mkdir: C:\Users\USER\.cache\firebase\emulators\ui-v1.15.0\client\assets\provider-icons
[debug] [2026-01-28T18:12:06.151Z] [unzip] deflating: C:\Users\USER\.cache\firebase\emulators\ui-v1.15.0\client\assets\provider-icons\auth_service_facebook.svg
[debug] [2026-01-28T18:12:06.155Z] [unzip] Entry: client/assets/provider-icons/auth_service_game_center.svg (compressed_size=991 bytes, uncompressed_size=3921 bytes)
[debug] [2026-01-28T18:12:06.155Z] [unzip] Processing entry: client\assets\provider-icons\auth_service_game_center.svg
[debug] [2026-01-28T18:12:06.156Z] [unzip] else mkdir: C:\Users\USER\.cache\firebase\emulators\ui-v1.15.0\client\assets\provider-icons
[debug] [2026-01-28T18:12:06.158Z] [unzip] deflating: C:\Users\USER\.cache\firebase\emulators\ui-v1.15.0\client\assets\provider-icons\auth_service_game_center.svg
[debug] [2026-01-28T18:12:06.163Z] [unzip] Entry: client/assets/provider-icons/auth_service_apple.svg (compressed_size=230 bytes, uncompressed_size=334 bytes)
[debug] [2026-01-28T18:12:06.166Z] [unzip] Processing entry: client\assets\provider-icons\auth_service_apple.svg
[debug] [2026-01-28T18:12:06.166Z] [unzip] else mkdir: C:\Users\USER\.cache\firebase\emulators\ui-v1.15.0\client\assets\provider-icons
[debug] [2026-01-28T18:12:06.170Z] [unzip] deflating: C:\Users\USER\.cache\firebase\emulators\ui-v1.15.0\client\assets\provider-icons\auth_service_apple.svg
[debug] [2026-01-28T18:12:06.172Z] [unzip] Entry: client/assets/provider-icons/auth_service_github.svg (compressed_size=466 bytes, uncompressed_size=838 bytes)
[debug] [2026-01-28T18:12:06.172Z] [unzip] Processing entry: client\assets\provider-icons\auth_service_github.svg
[debug] [2026-01-28T18:12:06.172Z] [unzip] else mkdir: C:\Users\USER\.cache\firebase\emulators\ui-v1.15.0\client\assets\provider-icons
[debug] [2026-01-28T18:12:06.173Z] [unzip] deflating: C:\Users\USER\.cache\firebase\emulators\ui-v1.15.0\client\assets\provider-icons\auth_service_github.svg
[debug] [2026-01-28T18:12:06.174Z] [unzip] Entry: client/assets/provider-icons/auth_service_mslive.svg (compressed_size=203 bytes, uncompressed_size=378 bytes)
[debug] [2026-01-28T18:12:06.175Z] [unzip] Processing entry: client\assets\provider-icons\auth_service_mslive.svg
[debug] [2026-01-28T18:12:06.175Z] [unzip] else mkdir: C:\Users\USER\.cache\firebase\emulators\ui-v1.15.0\client\assets\provider-icons
[debug] [2026-01-28T18:12:06.175Z] [unzip] deflating: C:\Users\USER\.cache\firebase\emulators\ui-v1.15.0\client\assets\provider-icons\auth_service_mslive.svg
[debug] [2026-01-28T18:12:06.177Z] [unzip] Entry: client/assets/provider-icons/auth_service_yahoo.svg (compressed_size=577 bytes, uncompressed_size=1182 bytes)
[debug] [2026-01-28T18:12:06.177Z] [unzip] Processing entry: client\assets\provider-icons\auth_service_yahoo.svg
[debug] [2026-01-28T18:12:06.177Z] [unzip] else mkdir: C:\Users\USER\.cache\firebase\emulators\ui-v1.15.0\client\assets\provider-icons
[debug] [2026-01-28T18:12:06.177Z] [unzip] deflating: C:\Users\USER\.cache\firebase\emulators\ui-v1.15.0\client\assets\provider-icons\auth_service_yahoo.svg
[debug] [2026-01-28T18:12:06.179Z] [unzip] Entry: client/assets/provider-icons/auth_service_twitter.svg (compressed_size=444 bytes, uncompressed_size=751 bytes)
[debug] [2026-01-28T18:12:06.179Z] [unzip] Processing entry: client\assets\provider-icons\auth_service_twitter.svg
[debug] [2026-01-28T18:12:06.179Z] [unzip] else mkdir: C:\Users\USER\.cache\firebase\emulators\ui-v1.15.0\client\assets\provider-icons
[debug] [2026-01-28T18:12:06.180Z] [unzip] deflating: C:\Users\USER\.cache\firebase\emulators\ui-v1.15.0\client\assets\provider-icons\auth_service_twitter.svg
[debug] [2026-01-28T18:12:06.183Z] [unzip] Entry: client/assets/provider-icons/auth_service_play_games.svg (compressed_size=565 bytes, uncompressed_size=1173 bytes)
[debug] [2026-01-28T18:12:06.183Z] [unzip] Processing entry: client\assets\provider-icons\auth_service_play_games.svg
[debug] [2026-01-28T18:12:06.184Z] [unzip] else mkdir: C:\Users\USER\.cache\firebase\emulators\ui-v1.15.0\client\assets\provider-icons
[debug] [2026-01-28T18:12:06.184Z] [unzip] deflating: C:\Users\USER\.cache\firebase\emulators\ui-v1.15.0\client\assets\provider-icons\auth_service_play_games.svg
[debug] [2026-01-28T18:12:06.185Z] [unzip] Entry: client/assets/provider-icons/auth_service_email.svg (compressed_size=228 bytes, uncompressed_size=326 bytes)
[debug] [2026-01-28T18:12:06.185Z] [unzip] Processing entry: client\assets\provider-icons\auth_service_email.svg
[debug] [2026-01-28T18:12:06.185Z] [unzip] else mkdir: C:\Users\USER\.cache\firebase\emulators\ui-v1.15.0\client\assets\provider-icons
[debug] [2026-01-28T18:12:06.186Z] [unzip] deflating: C:\Users\USER\.cache\firebase\emulators\ui-v1.15.0\client\assets\provider-icons\auth_service_email.svg
[debug] [2026-01-28T18:12:06.188Z] [unzip] Entry: client/assets/provider-icons/auth_service_google.svg (compressed_size=409 bytes, uncompressed_size=720 bytes)
[debug] [2026-01-28T18:12:06.188Z] [unzip] Processing entry: client\assets\provider-icons\auth_service_google.svg
[debug] [2026-01-28T18:12:06.188Z] [unzip] else mkdir: C:\Users\USER\.cache\firebase\emulators\ui-v1.15.0\client\assets\provider-icons
[debug] [2026-01-28T18:12:06.190Z] [unzip] deflating: C:\Users\USER\.cache\firebase\emulators\ui-v1.15.0\client\assets\provider-icons\auth_service_google.svg
[debug] [2026-01-28T18:12:06.192Z] [unzip] Entry: client/assets/provider-icons/auth_service_oidc.svg (compressed_size=414 bytes, uncompressed_size=858 bytes)
[debug] [2026-01-28T18:12:06.192Z] [unzip] Processing entry: client\assets\provider-icons\auth_service_oidc.svg
[debug] [2026-01-28T18:12:06.193Z] [unzip] else mkdir: C:\Users\USER\.cache\firebase\emulators\ui-v1.15.0\client\assets\provider-icons
[debug] [2026-01-28T18:12:06.193Z] [unzip] deflating: C:\Users\USER\.cache\firebase\emulators\ui-v1.15.0\client\assets\provider-icons\auth_service_oidc.svg
[debug] [2026-01-28T18:12:06.196Z] [unzip] Entry: client/browserconfig.xml (compressed_size=491 bytes, uncompressed_size=822 bytes)
[debug] [2026-01-28T18:12:06.196Z] [unzip] Processing entry: client\browserconfig.xml
[debug] [2026-01-28T18:12:06.196Z] [unzip] else mkdir: C:\Users\USER\.cache\firebase\emulators\ui-v1.15.0\client
[debug] [2026-01-28T18:12:06.197Z] [unzip] deflating: C:\Users\USER\.cache\firebase\emulators\ui-v1.15.0\client\browserconfig.xml
[debug] [2026-01-28T18:12:06.200Z] [unzip] Entry: client/favicon-32x32.png (compressed_size=475 bytes, uncompressed_size=475 bytes)
[debug] [2026-01-28T18:12:06.202Z] [unzip] Processing entry: client\favicon-32x32.png
[debug] [2026-01-28T18:12:06.202Z] [unzip] else mkdir: C:\Users\USER\.cache\firebase\emulators\ui-v1.15.0\client
[debug] [2026-01-28T18:12:06.204Z] [unzip] Writing file: C:\Users\USER\.cache\firebase\emulators\ui-v1.15.0\client\favicon-32x32.png
[debug] [2026-01-28T18:12:06.205Z] [unzip] Entry: server/ (compressed_size=0 bytes, uncompressed_size=0 bytes)
[debug] [2026-01-28T18:12:06.205Z] [unzip] Processing entry: server\
[debug] [2026-01-28T18:12:06.205Z] [unzip] mkdir: C:\Users\USER\.cache\firebase\emulators\ui-v1.15.0\server\
[debug] [2026-01-28T18:12:06.206Z] [unzip] Entry: server/server.mjs.map (compressed_size=217845 bytes, uncompressed_size=944978 bytes)
[debug] [2026-01-28T18:12:06.206Z] [unzip] Processing entry: server\server.mjs.map
[debug] [2026-01-28T18:12:06.206Z] [unzip] else mkdir: C:\Users\USER\.cache\firebase\emulators\ui-v1.15.0\server
[debug] [2026-01-28T18:12:06.207Z] [unzip] deflating: C:\Users\USER\.cache\firebase\emulators\ui-v1.15.0\server\server.mjs.map
[debug] [2026-01-28T18:12:06.213Z] [unzip] Entry: server/server.mjs (compressed_size=276407 bytes, uncompressed_size=933701 bytes)
[debug] [2026-01-28T18:12:06.214Z] [unzip] Processing entry: server\server.mjs
[debug] [2026-01-28T18:12:06.214Z] [unzip] else mkdir: C:\Users\USER\.cache\firebase\emulators\ui-v1.15.0\server
[debug] [2026-01-28T18:12:06.214Z] [unzip] deflating: C:\Users\USER\.cache\firebase\emulators\ui-v1.15.0\server\server.mjs
[info] i  functions: Watching "E:\HemantProject\bolt projects\Harvester 3.0\Harvester 3.0\functions" for Cloud Functions... {"metadata":{"emulator":{"name":"functions"},"message":"Watching \"E:\\HemantProject\\bolt projects\\Harvester 3.0\\Harvester 3.0\\functions\" for Cloud Functions..."}}
[debug] [2026-01-28T18:12:06.229Z] Validating nodejs source
[warn] !  functions: package.json indicates an outdated version of firebase-functions. Please upgrade using npm install --save firebase-functions@latest in your functions directory. 
[debug] [2026-01-28T18:12:06.921Z] > [functions] package.json contents: {
  "name": "functions",
  "description": "Cloud Functions for Firebase",
  "scripts": {
    "serve": "firebase emulators:start --only functions",
    "shell": "firebase functions:shell",
    "start": "npm run shell",
    "deploy": "firebase deploy --only functions",
    "logs": "firebase functions:log"
  },
  "engines": {
    "node": "24"
  },
  "main": "index.js",
  "dependencies": {
    "axios": "^1.13.3",
    "firebase-admin": "^13.6.0",
    "firebase-functions": "^7.0.0"
  },
  "devDependencies": {
    "firebase-functions-test": "^3.4.1"
  },
  "private": true
}
[debug] [2026-01-28T18:12:06.921Z] Building nodejs source
[debug] [2026-01-28T18:12:06.922Z] Failed to find version of module node: reached end of search path E:\HemantProject\bolt projects\Harvester 3.0\Harvester 3.0\functions\node_modules
[warn] !  functions: Your requested "node" version "24" doesn't match your global version "22". Using node@22 from host. 
[debug] [2026-01-28T18:12:06.924Z] Could not find functions.yaml. Must use http discovery
[debug] [2026-01-28T18:12:06.929Z] Found firebase-functions binary at 'E:\HemantProject\bolt projects\Harvester 3.0\Harvester 3.0\functions\node_modules\.bin\firebase-functions'
[info] Serving at port 8950

[debug] [2026-01-28T18:12:07.412Z] Got response from /__/functions.yaml {"endpoints":{"sendSignupOTP":{"availableMemoryMb":null,"timeoutSeconds":null,"minInstances":null,"maxInstances":null,"ingressSettings":null,"concurrency":null,"serviceAccountEmail":null,"vpc":null,"platform":"gcfv2","labels":{},"callableTrigger":{},"entryPoint":"sendSignupOTP"},"verifySignupOTP":{"availableMemoryMb":null,"timeoutSeconds":null,"minInstances":null,"maxInstances":null,"ingressSettings":null,"concurrency":null,"serviceAccountEmail":null,"vpc":null,"platform":"gcfv2","labels":{},"callableTrigger":{},"entryPoint":"verifySignupOTP"}},"specVersion":"v1alpha1","requiredAPIs":[],"extensions":{}}
[info] +  functions: Loaded functions definitions from source: sendSignupOTP, verifySignupOTP. {"metadata":{"emulator":{"name":"functions"},"message":"Loaded functions definitions from source: sendSignupOTP, verifySignupOTP."}}
[info] +  functions[us-central1-sendSignupOTP]: http function initialized (http://127.0.0.1:5001/harvester-tracker-f6cab/us-central1/sendSignupOTP). {"metadata":{"emulator":{"name":"functions"},"message":"\u001b[1mhttp\u001b[22m function initialized (http://127.0.0.1:5001/harvester-tracker-f6cab/us-central1/sendSignupOTP)."}}
[info] +  functions[us-central1-verifySignupOTP]: http function initialized (http://127.0.0.1:5001/harvester-tracker-f6cab/us-central1/verifySignupOTP). {"metadata":{"emulator":{"name":"functions"},"message":"\u001b[1mhttp\u001b[22m function initialized (http://127.0.0.1:5001/harvester-tracker-f6cab/us-central1/verifySignupOTP)."}}
[info] +  functions: Using debug port 9229 for functions codebase default {"metadata":{"emulator":{"name":"functions"},"message":"Using debug port 9229 for functions codebase default"}}
[debug] [2026-01-28T18:12:11.499Z] [worker-pool] addWorker(~shared~) {"metadata":{"emulator":{"name":"functions"},"message":"[worker-pool] addWorker(~shared~)"}}
[debug] [2026-01-28T18:12:11.502Z] [worker-pool] Adding worker with key ~free~, total=1 {"metadata":{"emulator":{"name":"functions"},"message":"[worker-pool] Adding worker with key ~free~, total=1"}}
[info] >  Debugger listening on ws://127.0.0.1:9229/5a1a3785-4fd5-4af8-a6aa-c828d9540468 {"user":"Debugger listening on ws://127.0.0.1:9229/5a1a3785-4fd5-4af8-a6aa-c828d9540468\r","metadata":{"emulator":{"name":"functions"},"message":"\u001b[90m> \u001b[39m Debugger listening on ws://127.0.0.1:9229/5a1a3785-4fd5-4af8-a6aa-c828d9540468\r"}}
[info] >  For help, see: https://nodejs.org/en/docs/inspector {"user":"For help, see: https://nodejs.org/en/docs/inspector\r","metadata":{"emulator":{"name":"functions"},"message":"\u001b[90m> \u001b[39m For help, see: https://nodejs.org/en/docs/inspector\r"}}
[debug] [2026-01-28T18:12:12.438Z] [runtime-status] [17772] Resolved module firebase-admin {"declared":true,"installed":true,"version":"13.6.0","resolution":"E:\\HemantProject\\bolt projects\\Harvester 3.0\\Harvester 3.0\\functions\\node_modules\\firebase-admin\\lib\\index.js"} {"metadata":{"emulator":{"name":"functions"},"message":"[runtime-status] [17772] Resolved module firebase-admin {\"declared\":true,\"installed\":true,\"version\":\"13.6.0\",\"resolution\":\"E:\\\\HemantProject\\\\bolt projects\\\\Harvester 3.0\\\\Harvester 3.0\\\\functions\\\\node_modules\\\\firebase-admin\\\\lib\\\\index.js\"}"}}
[debug] [2026-01-28T18:12:12.438Z] [runtime-status] [17772] Resolved module firebase-functions {"declared":true,"installed":true,"version":"7.0.3","resolution":"E:\\HemantProject\\bolt projects\\Harvester 3.0\\Harvester 3.0\\functions\\node_modules\\firebase-functions\\lib\\v2\\index.js"} {"metadata":{"emulator":{"name":"functions"},"message":"[runtime-status] [17772] Resolved module firebase-functions {\"declared\":true,\"installed\":true,\"version\":\"7.0.3\",\"resolution\":\"E:\\\\HemantProject\\\\bolt projects\\\\Harvester 3.0\\\\Harvester 3.0\\\\functions\\\\node_modules\\\\firebase-functions\\\\lib\\\\v2\\\\index.js\"}"}}
[debug] [2026-01-28T18:12:12.440Z] [runtime-status] [17772] Outgoing network have been stubbed. [{"name":"http","status":"mocked"},{"name":"http","status":"mocked"},{"name":"https","status":"mocked"},{"name":"https","status":"mocked"},{"name":"net","status":"mocked"}] {"metadata":{"emulator":{"name":"functions"},"message":"[runtime-status] [17772] Outgoing network have been stubbed. [{\"name\":\"http\",\"status\":\"mocked\"},{\"name\":\"http\",\"status\":\"mocked\"},{\"name\":\"https\",\"status\":\"mocked\"},{\"name\":\"https\",\"status\":\"mocked\"},{\"name\":\"net\",\"status\":\"mocked\"}]"}}
[debug] [2026-01-28T18:12:12.440Z] [runtime-status] [17772] Resolved module firebase-functions {"declared":true,"installed":true,"version":"7.0.3","resolution":"E:\\HemantProject\\bolt projects\\Harvester 3.0\\Harvester 3.0\\functions\\node_modules\\firebase-functions\\lib\\v2\\index.js"} {"metadata":{"emulator":{"name":"functions"},"message":"[runtime-status] [17772] Resolved module firebase-functions {\"declared\":true,\"installed\":true,\"version\":\"7.0.3\",\"resolution\":\"E:\\\\HemantProject\\\\bolt projects\\\\Harvester 3.0\\\\Harvester 3.0\\\\functions\\\\node_modules\\\\firebase-functions\\\\lib\\\\v2\\\\index.js\"}"}}
[debug] [2026-01-28T18:12:12.451Z] [runtime-status] [17772] Detected firebase-functions v7+, skipping legacy stubs. {"metadata":{"emulator":{"name":"functions"},"message":"[runtime-status] [17772] Detected firebase-functions v7+, skipping legacy stubs."}}
[debug] [2026-01-28T18:12:12.452Z] [runtime-status] [17772] Resolved module firebase-admin {"declared":true,"installed":true,"version":"13.6.0","resolution":"E:\\HemantProject\\bolt projects\\Harvester 3.0\\Harvester 3.0\\functions\\node_modules\\firebase-admin\\lib\\index.js"} {"metadata":{"emulator":{"name":"functions"},"message":"[runtime-status] [17772] Resolved module firebase-admin {\"declared\":true,\"installed\":true,\"version\":\"13.6.0\",\"resolution\":\"E:\\\\HemantProject\\\\bolt projects\\\\Harvester 3.0\\\\Harvester 3.0\\\\functions\\\\node_modules\\\\firebase-admin\\\\lib\\\\index.js\"}"}}
[debug] [2026-01-28T18:12:12.498Z] [runtime-status] [17772] Resolved module firebase-functions {"declared":true,"installed":true,"version":"7.0.3","resolution":"E:\\HemantProject\\bolt projects\\Harvester 3.0\\Harvester 3.0\\functions\\node_modules\\firebase-functions\\lib\\v2\\index.js"} {"metadata":{"emulator":{"name":"functions"},"message":"[runtime-status] [17772] Resolved module firebase-functions {\"declared\":true,\"installed\":true,\"version\":\"7.0.3\",\"resolution\":\"E:\\\\HemantProject\\\\bolt projects\\\\Harvester 3.0\\\\Harvester 3.0\\\\functions\\\\node_modules\\\\firebase-functions\\\\lib\\\\v2\\\\index.js\"}"}}
[debug] [2026-01-28T18:12:12.769Z] [runtime-status] [17772] firebase-admin has been stubbed. {"adminResolution":{"declared":true,"installed":true,"version":"13.6.0","resolution":"E:\\HemantProject\\bolt projects\\Harvester 3.0\\Harvester 3.0\\functions\\node_modules\\firebase-admin\\lib\\index.js"}} {"metadata":{"emulator":{"name":"functions"},"message":"[runtime-status] [17772] firebase-admin has been stubbed. {\"adminResolution\":{\"declared\":true,\"installed\":true,\"version\":\"13.6.0\",\"resolution\":\"E:\\\\HemantProject\\\\bolt projects\\\\Harvester 3.0\\\\Harvester 3.0\\\\functions\\\\node_modules\\\\firebase-admin\\\\lib\\\\index.js\"}}"}}
[debug] [2026-01-28T18:12:12.786Z] [runtime-status] [17772] initializeApp(DEFAULT) {"storageBucket":"harvester-tracker-f6cab.firebasestorage.app","databaseURL":"https://harvester-tracker-f6cab-default-rtdb.asia-southeast1.firebasedatabase.app","projectId":"harvester-tracker-f6cab"} {"metadata":{"emulator":{"name":"functions"},"message":"[runtime-status] [17772] initializeApp(DEFAULT) {\"storageBucket\":\"harvester-tracker-f6cab.firebasestorage.app\",\"databaseURL\":\"https://harvester-tracker-f6cab-default-rtdb.asia-southeast1.firebasedatabase.app\",\"projectId\":\"harvester-tracker-f6cab\"}"}}
[debug] [2026-01-28T18:12:12.789Z] [runtime-status] [17772] Functions runtime initialized. {"cwd":"E:\\HemantProject\\bolt projects\\Harvester 3.0\\Harvester 3.0\\functions","node_version":"22.22.0"} {"metadata":{"emulator":{"name":"functions"},"message":"[runtime-status] [17772] Functions runtime initialized. {\"cwd\":\"E:\\\\HemantProject\\\\bolt projects\\\\Harvester 3.0\\\\Harvester 3.0\\\\functions\",\"node_version\":\"22.22.0\"}"}}
[debug] [2026-01-28T18:12:12.790Z] [runtime-status] [17772] Listening to port: \\?\pipe\fire_emu_bd63b377e5c2bec0 {"metadata":{"emulator":{"name":"functions"},"message":"[runtime-status] [17772] Listening to port: \\\\?\\pipe\\fire_emu_bd63b377e5c2bec0"}}
[debug] [2026-01-28T18:12:12.907Z] [worker-~free~-8fc67237-03df-4124-b308-a2c963cefdcb]: IDLE {"metadata":{"emulator":{"name":"functions"},"message":"[worker-~free~-8fc67237-03df-4124-b308-a2c963cefdcb]: IDLE"}}
[debug] [2026-01-28T18:12:12.916Z] Could not find VSCode notification endpoint: FetchError: request to http://localhost:40001/vscode/notify failed, reason: . If you are not running the Firebase Data Connect VSCode extension, this is expected and not an issue.
[info] 
┌─────────────────────────────────────────────────────────────┐
│ ✔  All emulators ready! It is now safe to connect your app. │
│ i  View Emulator UI at http://127.0.0.1:4000/               │
└─────────────────────────────────────────────────────────────┘

┌───────────┬────────────────┬─────────────────────────────────┐
│ Emulator  │ Host:Port      │ View in Emulator UI             │
├───────────┼────────────────┼─────────────────────────────────┤
│ Functions │ 127.0.0.1:5001 │ http://127.0.0.1:4000/functions │
└───────────┴────────────────┴─────────────────────────────────┘
  Emulator Hub host: 127.0.0.1 port: 4400
  Other reserved ports: 4500

Issues? Report them at https://github.com/firebase/firebase-tools/issues and attach the *-debug.log files.
 
